<?xml version="1.0" encoding="UTF-8" ?>
<testsuites>
 <testsuite name="Android" timestamp="2017-03-14T09:07:37" hostname="localhost" time="0.002" errors="0" tests="1" skipped="0" disabled="0" failures="0">
  <testcase classname="Android" name="handleOpenURL" time="0.002" />
 </testsuite>
</testsuites>